<?xml version="1.0" encoding="UTF-8"?>
<!-- Generated by org.testng.reporters.JUnitXMLReporter -->
<testsuite ignored="0" hostname="MIS-BillyY1" failures="0" tests="2" name="Complete test run" time="11.394" errors="0" timestamp="2020-07-14T17:34:51 EDT">
  <testcase classname="io.cucumber.testng.AbstractTestNGCucumberTests" name="runScenario" time="5.209"/>
  <testcase classname="io.cucumber.testng.AbstractTestNGCucumberTests" name="runScenario" time="5.66"/>
</testsuite> <!-- Complete test run -->
